<?xml version="1.0" encoding="UTF-8"?>
<!-- Generated by org.testng.reporters.JUnitReportReporter -->
<testsuite hostname="LAPTOP-ALBSE3EB" failures="0" tests="2" name="assignment.SwaggerDoc" time="6.042" errors="0" timestamp="2021-08-10T01:41:27 IST" skipped="0">
  <testcase classname="assignment.SwaggerDoc" name="testCase2" time="2.792"/>
  <system-out/>
  <testcase classname="assignment.SwaggerDoc" name="testCase1" time="3.250"/>
  <system-out/>
</testsuite> <!-- assignment.SwaggerDoc -->
